<?xml version="1.0" encoding="UTF-8"?>
<!-- Generated by org.testng.reporters.JUnitReportReporter -->
<testsuite hostname="Aakanksha2410" failures="0" tests="2" name="RunnerClasses.OrderRunnerClass" time="0.576" errors="0" timestamp="2023-07-20T23:52:35 IST" skipped="0">
  <testcase classname="RunnerClasses.OrderRunnerClass" name="runScenario" time="0.427"/>
  <system-out/>
  <testcase classname="RunnerClasses.OrderRunnerClass" name="runScenario" time="0.149"/>
  <system-out/>
</testsuite> <!-- RunnerClasses.OrderRunnerClass -->
