<?xml version="1.0" encoding="UTF-8"?>
<!-- Generated by org.testng.reporters.JUnitReportReporter -->
<testsuite hostname="Aakanksha2410" failures="0" tests="2" name="RunnerClasses.LoginRunnerClass" time="0.339" errors="0" timestamp="2023-07-20T23:39:31 IST" skipped="0">
  <testcase classname="RunnerClasses.LoginRunnerClass" name="runScenario" time="0.086"/>
  <system-out/>
  <testcase classname="RunnerClasses.LoginRunnerClass" name="runScenario" time="0.253"/>
  <system-out/>
</testsuite> <!-- RunnerClasses.LoginRunnerClass -->
