<?xml version="1.0" encoding="UTF-8"?>
<!-- Generated by org.testng.reporters.JUnitReportReporter -->
<testsuite hostname="Aakanksha2410" failures="0" tests="1" name="RunnerClasses.LoiginWithDataRunnerClass" time="0.257" errors="0" timestamp="2023-07-20T23:39:51 IST" skipped="0">
  <testcase classname="RunnerClasses.LoiginWithDataRunnerClass" name="runScenario" time="0.257"/>
  <system-out/>
</testsuite> <!-- RunnerClasses.LoiginWithDataRunnerClass -->
