<?xml version="1.0" encoding="UTF-8"?>
<!-- Generated by org.testng.reporters.JUnitReportReporter -->
<testsuite hostname="Aakanksha2410" failures="0" tests="2" name="Test_NG.demo6" time="0.019" errors="0" timestamp="2023-06-18T15:02:59 IST" skipped="0">
  <testcase classname="Test_NG.demo6" name="TC1" time="0.017"/>
  <system-out>
    <![CDATA[TC1 running]]>
  </system-out>
  <testcase classname="Test_NG.demo6" name="TC2" time="0.002"/>
  <system-out>
    <![CDATA[TC2 running]]>
  </system-out>
</testsuite> <!-- Test_NG.demo6 -->
