<?xml version="1.0" encoding="UTF-8"?>
<!-- Generated by org.testng.reporters.JUnitReportReporter -->
<testsuite hostname="Aakanksha2410" failures="0" tests="2" name="Test_NG.demo5" time="51.844" errors="0" timestamp="2023-06-18T14:58:01 IST" skipped="0">
  <testcase classname="Test_NG.demo5" name="TC1" time="24.411"/>
  <system-out/>
  <testcase classname="Test_NG.demo5" name="TC1" time="27.433"/>
  <system-out/>
</testsuite> <!-- Test_NG.demo5 -->
