<?xml version="1.0" encoding="UTF-8"?>
<!-- Generated by org.testng.reporters.JUnitReportReporter -->
<testsuite hostname="Aakanksha2410" failures="0" tests="1" name="Test_NG.Fail_TC_File_Generate$Example8_DisableTCExecutionFromTestSuite" time="0.016" errors="0" timestamp="2023-06-15T16:37:22 IST" skipped="0">
  <testcase classname="Test_NG.Fail_TC_File_Generate$Example8_DisableTCExecutionFromTestSuite" name="TC1" time="0.016"/>
  <system-out>
    <![CDATA[running TC1]]>
  </system-out>
</testsuite> <!-- Test_NG.Fail_TC_File_Generate$Example8_DisableTCExecutionFromTestSuite -->
