<?xml version="1.0" encoding="UTF-8"?>
<!-- Generated by org.testng.reporters.JUnitReportReporter -->
<testsuite hostname="Aakanksha2410" failures="0" tests="1" name="Test_NG.Example2_TestNg_Test_class" time="23.923" errors="0" timestamp="2023-06-10T15:55:50 IST" skipped="0">
  <testcase classname="Test_NG.Example2_TestNg_Test_class" name="m1" time="23.923"/>
  <system-out/>
</testsuite> <!-- Test_NG.Example2_TestNg_Test_class -->
