<?xml version="1.0" encoding="UTF-8"?>
<!-- Generated by org.testng.reporters.JUnitReportReporter -->
<testsuite hostname="Aakanksha2410" failures="0" tests="1" name="Test_NG.Example2_TestNg_Test_class" time="20.076" errors="0" timestamp="2023-06-06T11:14:59 IST" skipped="0">
  <testcase classname="Test_NG.Example2_TestNg_Test_class" name="m1" time="20.076"/>
  <system-out/>
</testsuite> <!-- Test_NG.Example2_TestNg_Test_class -->
