<?xml version="1.0" encoding="UTF-8"?>
<!-- Generated by org.testng.reporters.JUnitReportReporter -->
<testsuite hostname="Aakanksha2410" failures="0" tests="6" name="Test_NG.demo8" time="0.034" errors="0" timestamp="2023-06-18T15:25:57 IST" skipped="1">
  <testcase classname="Test_NG.demo8" name="TC1" time="0.003"/>
  <system-out>
    <![CDATA[invocationCount]]>
  </system-out>
  <testcase classname="Test_NG.demo8" name="TC5" time="0.003"/>
  <system-out>
    <![CDATA[dependsOnMethods]]>
  </system-out>
  <testcase classname="Test_NG.demo8" name="TC1" time="0.014"/>
  <system-out>
    <![CDATA[invocationCount]]>
  </system-out>
  <testcase classname="Test_NG.demo8" name="TC4" time="0.011"/>
  <system-out>
    <![CDATA[timeOut]]>
  </system-out>
  <testcase classname="Test_NG.demo8" name="TC3" time="0.003"/>
  <system-out>
    <![CDATA[priority]]>
  </system-out>
  <testcase classname="Test_NG.demo8" name="TC2">
    <skipped/>
  </testcase> <!-- TC2 -->
  <system-out/>
</testsuite> <!-- Test_NG.demo8 -->
