<?xml version="1.0" encoding="UTF-8"?>
<!-- Generated by org.testng.reporters.JUnitReportReporter -->
<testsuite hostname="Aakanksha2410" failures="0" tests="2" name="Test_NG.demo33" time="0.016" errors="0" timestamp="2023-06-16T11:14:31 IST" skipped="0">
  <testcase classname="Test_NG.demo33" name="m1" time="0.013"/>
  <system-out>
    <![CDATA[profile]]>
  </system-out>
  <testcase classname="Test_NG.demo33" name="m2" time="0.003"/>
  <system-out>
    <![CDATA[profile]]>
  </system-out>
</testsuite> <!-- Test_NG.demo33 -->
