<?xml version="1.0" encoding="UTF-8"?>
<!-- Generated by org.testng.reporters.JUnitReportReporter -->
<testsuite hostname="Aakanksha2410" failures="0" tests="2" name="Test_NG.Example4_Annotations" time="0.017" errors="0" timestamp="2023-06-10T15:55:50 IST" skipped="0">
  <testcase classname="Test_NG.Example4_Annotations" name="TC2" time="0.008"/>
  <system-out>
    <![CDATA[running TC2]]>
  </system-out>
  <testcase classname="Test_NG.Example4_Annotations" name="TC1" time="0.009"/>
  <system-out>
    <![CDATA[running TC1]]>
  </system-out>
</testsuite> <!-- Test_NG.Example4_Annotations -->
