<?xml version="1.0" encoding="UTF-8"?>
<!-- Generated by org.testng.reporters.JUnitReportReporter -->
<testsuite hostname="Aakanksha2410" failures="0" tests="2" name="Test_NG.demo2" time="48.407" errors="0" timestamp="2023-06-18T14:27:30 IST" skipped="0">
  <testcase classname="Test_NG.demo2" name="TC1" time="24.422"/>
  <system-out/>
  <testcase classname="Test_NG.demo2" name="TC1" time="23.985"/>
  <system-out/>
</testsuite> <!-- Test_NG.demo2 -->
