<?xml version="1.0" encoding="UTF-8"?>
<!-- Generated by org.testng.reporters.JUnitReportReporter -->
<testsuite hostname="Aakanksha2410" failures="0" tests="1" name="Test_NG.demo88" time="24.018" errors="0" timestamp="2023-06-16T11:53:12 IST" skipped="0">
  <testcase classname="Test_NG.demo88" name="m1" time="24.018"/>
  <system-out/>
</testsuite> <!-- Test_NG.demo88 -->
