<?xml version="1.0" encoding="UTF-8"?>
<!-- Generated by org.testng.reporters.JUnitReportReporter -->
<testsuite hostname="Aakanksha2410" failures="0" tests="1" name="Test_NG.demo77" time="25.971" errors="0" timestamp="2023-06-16T11:46:42 IST" skipped="0">
  <testcase classname="Test_NG.demo77" name="m1" time="25.971"/>
  <system-out/>
</testsuite> <!-- Test_NG.demo77 -->
