<?xml version="1.0" encoding="UTF-8"?>
<!-- Generated by org.testng.reporters.JUnitReportReporter -->
<testsuite hostname="Aakanksha2410" failures="0" tests="2" name="Test_NG.demo3" time="47.374" errors="0" timestamp="2023-06-18T14:40:21 IST" skipped="0">
  <testcase classname="Test_NG.demo3" name="TC1" time="23.267"/>
  <system-out/>
  <testcase classname="Test_NG.demo3" name="TC1" time="24.107"/>
  <system-out/>
</testsuite> <!-- Test_NG.demo3 -->
