<?xml version="1.0" encoding="UTF-8"?>
<!-- Generated by org.testng.reporters.JUnitReportReporter -->
<testsuite hostname="Aakanksha2410" failures="0" tests="3" name="Test_NG.demo15" time="0.023" errors="0" timestamp="2023-06-16T12:52:46 IST" skipped="0">
  <testcase classname="Test_NG.demo15" name="m4" time="0.002"/>
  <system-out>
    <![CDATA[m4]]>
  </system-out>
  <testcase classname="Test_NG.demo15" name="m3" time="0.007"/>
  <system-out>
    <![CDATA[m3]]>
  </system-out>
  <testcase classname="Test_NG.demo15" name="m2" time="0.014"/>
  <system-out>
    <![CDATA[m2]]>
  </system-out>
</testsuite> <!-- Test_NG.demo15 -->
