<?xml version="1.0" encoding="UTF-8"?>
<!-- Generated by org.testng.reporters.JUnitReportReporter -->
<testsuite hostname="Aakanksha2410" failures="0" tests="1" name="Test_NG.demp13" time="0.001" errors="0" timestamp="2023-06-18T16:07:29 IST" skipped="0">
  <testcase classname="Test_NG.demp13" name="TC2" time="0.001"/>
  <system-out>
    <![CDATA[TC2 running]]>
  </system-out>
</testsuite> <!-- Test_NG.demp13 -->
