<?xml version="1.0" encoding="UTF-8"?>
<!-- Generated by org.testng.reporters.JUnitReportReporter -->
<testsuite hostname="Aakanksha2410" failures="0" tests="2" name="Test_NG.demo11" time="195.316" errors="0" timestamp="2023-06-18T16:26:22 IST" skipped="0">
  <testcase classname="Test_NG.demo11" name="TC1" time="101.153"/>
  <system-out/>
  <testcase classname="Test_NG.demo11" name="TC1" time="94.163"/>
  <system-out/>
</testsuite> <!-- Test_NG.demo11 -->
