<?xml version="1.0" encoding="UTF-8"?>
<!-- Generated by org.testng.reporters.JUnitReportReporter -->
<testsuite hostname="Aakanksha2410" failures="0" tests="4" name="Test_NG.Example5_TestNGKeyword3_priority2" time="0.040" errors="0" timestamp="2023-06-06T22:01:27 IST" skipped="0">
  <testcase classname="Test_NG.Example5_TestNGKeyword3_priority2" name="TC2" time="0.022"/>
  <system-out>
    <![CDATA[running TC2]]>
  </system-out>
  <testcase classname="Test_NG.Example5_TestNGKeyword3_priority2" name="TC1" time="0.003"/>
  <system-out>
    <![CDATA[running TC1]]>
  </system-out>
  <testcase classname="Test_NG.Example5_TestNGKeyword3_priority2" name="TC3" time="0.007"/>
  <system-out>
    <![CDATA[running TC3]]>
  </system-out>
  <testcase classname="Test_NG.Example5_TestNGKeyword3_priority2" name="TC4" time="0.008"/>
  <system-out>
    <![CDATA[running TC4]]>
  </system-out>
</testsuite> <!-- Test_NG.Example5_TestNGKeyword3_priority2 -->
