<?xml version="1.0" encoding="UTF-8"?>
<!-- Generated by org.testng.reporters.JUnitReportReporter -->
<testsuite hostname="Aakanksha2410" failures="0" tests="1" name="POM_DDF_TestNG.PBTestClass" time="130.232" errors="0" timestamp="2023-06-20T22:58:54 IST" skipped="0">
  <testcase classname="POM_DDF_TestNG.PBTestClass" name="verify" time="130.232"/>
  <system-out>
    <![CDATA[Test case verify by Aakanksha]]>
  </system-out>
</testsuite> <!-- POM_DDF_TestNG.PBTestClass -->
