<?xml version="1.0" encoding="UTF-8"?>
<!-- Generated by org.testng.reporters.JUnitReportReporter -->
<testsuite hostname="Aakanksha2410" failures="0" tests="1" name="Demo3.PBTestClass" time="77.687" errors="0" timestamp="2023-06-14T15:13:49 IST" skipped="0">
  <testcase classname="Demo3.PBTestClass" name="m1" time="77.687"/>
  <system-out/>
</testsuite> <!-- Demo3.PBTestClass -->
