<?xml version="1.0" encoding="UTF-8"?>
<!-- Generated by org.testng.reporters.JUnitReportReporter -->
<testsuite hostname="Aakanksha2410" failures="0" tests="1" name="Test_NG.demo55" time="0.016" errors="0" timestamp="2023-06-16T11:29:33 IST" skipped="0">
  <testcase classname="Test_NG.demo55" name="m2" time="0.016"/>
  <system-out>
    <![CDATA[profile]]>
  </system-out>
</testsuite> <!-- Test_NG.demo55 -->
