<?xml version="1.0" encoding="UTF-8"?>
<!-- Generated by org.testng.reporters.JUnitReportReporter -->
<testsuite hostname="Aakanksha2410" failures="0" tests="1" name="Demo1.PBLoginTest" time="44.416" errors="0" timestamp="2023-06-05T23:20:49 IST" skipped="0">
  <testcase classname="Demo1.PBLoginTest" name="m" time="44.416"/>
  <system-out/>
</testsuite> <!-- Demo1.PBLoginTest -->
