<?xml version="1.0" encoding="UTF-8"?>
<!-- Generated by org.testng.reporters.JUnitReportReporter -->
<testsuite hostname="Aakanksha2410" failures="0" tests="1" name="Test_NG.Example10_Parallel_run1" time="19.983" errors="0" timestamp="2023-06-15T21:30:22 IST" skipped="0">
  <testcase classname="Test_NG.Example10_Parallel_run1" name="TC1" time="19.983"/>
  <system-out/>
</testsuite> <!-- Test_NG.Example10_Parallel_run1 -->
