<?xml version="1.0" encoding="UTF-8"?>
<!-- Generated by org.testng.reporters.JUnitReportReporter -->
<testsuite hostname="Aakanksha2410" failures="0" tests="3" name="Test_NG.Example5_TestNGKeyword2_EnableFalse" time="0.024" errors="0" timestamp="2023-06-07T17:38:34 IST" skipped="1">
  <testcase classname="Test_NG.Example5_TestNGKeyword2_EnableFalse" name="TC1" time="0.021"/>
  <system-out>
    <![CDATA[running TC1]]>
  </system-out>
  <testcase classname="Test_NG.Example5_TestNGKeyword2_EnableFalse" name="TC3" time="0.003"/>
  <system-out>
    <![CDATA[running TC3]]>
  </system-out>
  <testcase classname="Test_NG.Example5_TestNGKeyword2_EnableFalse" name="TC2">
    <skipped/>
  </testcase> <!-- TC2 -->
  <system-out/>
</testsuite> <!-- Test_NG.Example5_TestNGKeyword2_EnableFalse -->
