<?xml version="1.0" encoding="UTF-8"?>
<!-- Generated by org.testng.reporters.JUnitReportReporter -->
<testsuite hostname="Aakanksha2410" failures="0" tests="2" name="Test_NG.Example12_Multi_Browser_Parallel_Testing" time="77.323" errors="0" timestamp="2023-06-18T14:12:32 IST" skipped="0">
  <testcase classname="Test_NG.Example12_Multi_Browser_Parallel_Testing" name="TC1" time="36.550"/>
  <system-out/>
  <testcase classname="Test_NG.Example12_Multi_Browser_Parallel_Testing" name="TC1" time="40.773"/>
  <system-out/>
</testsuite> <!-- Test_NG.Example12_Multi_Browser_Parallel_Testing -->
