<?xml version="1.0" encoding="UTF-8"?>
<!-- Generated by org.testng.reporters.JUnitReportReporter -->
<testsuite hostname="Aakanksha2410" failures="0" tests="5" name="Test_NG.Example5_TestNGKeyword1_invocationCount" time="0.036" errors="0" timestamp="2023-06-06T21:49:17 IST" skipped="0">
  <testcase classname="Test_NG.Example5_TestNGKeyword1_invocationCount" name="TC1" time="0.002"/>
  <system-out>
    <![CDATA[running TC1]]>
  </system-out>
  <testcase classname="Test_NG.Example5_TestNGKeyword1_invocationCount" name="TC1" time="0.011"/>
  <system-out>
    <![CDATA[running TC1]]>
  </system-out>
  <testcase classname="Test_NG.Example5_TestNGKeyword1_invocationCount" name="TC1" time="0.002"/>
  <system-out>
    <![CDATA[running TC1]]>
  </system-out>
  <testcase classname="Test_NG.Example5_TestNGKeyword1_invocationCount" name="TC1" time="0.019"/>
  <system-out>
    <![CDATA[running TC1]]>
  </system-out>
  <testcase classname="Test_NG.Example5_TestNGKeyword1_invocationCount" name="TC1" time="0.002"/>
  <system-out>
    <![CDATA[running TC1]]>
  </system-out>
</testsuite> <!-- Test_NG.Example5_TestNGKeyword1_invocationCount -->
