<?xml version="1.0" encoding="UTF-8"?>
<!-- Generated by org.testng.reporters.JUnitReportReporter -->
<testsuite hostname="Aakanksha2410" failures="0" tests="1" name="$New_Try$.Text_Colour" time="54.973" errors="0" timestamp="2023-06-19T23:49:02 IST" skipped="0">
  <testcase classname="$New_Try$.Text_Colour" name="TC1" time="54.973"/>
  <system-out>
    <![CDATA[Error msg text colour is RED]]>
  </system-out>
</testsuite> <!-- $New_Try$.Text_Colour -->
