<?xml version="1.0" encoding="UTF-8"?>
<!-- Generated by org.testng.reporters.JUnitReportReporter -->
<testsuite hostname="Aakanksha2410" failures="0" tests="1" name="Test_NG.Example11_parallel_run2" time="37.960" errors="0" timestamp="2023-06-15T21:46:29 IST" skipped="0">
  <testcase classname="Test_NG.Example11_parallel_run2" name="TC1" time="37.960"/>
  <system-out/>
</testsuite> <!-- Test_NG.Example11_parallel_run2 -->
