<?xml version="1.0" encoding="UTF-8"?>
<!-- Generated by org.testng.reporters.JUnitReportReporter -->
<testsuite hostname="Aakanksha2410" failures="0" tests="2" name="Test_NG.demo12" time="36.487" errors="0" timestamp="2023-06-18T16:26:22 IST" skipped="0">
  <testcase classname="Test_NG.demo12" name="TC1" time="18.052"/>
  <system-out/>
  <testcase classname="Test_NG.demo12" name="TC1" time="18.435"/>
  <system-out/>
</testsuite> <!-- Test_NG.demo12 -->
