<?xml version="1.0" encoding="UTF-8"?>
<!-- Generated by org.testng.reporters.JUnitReportReporter -->
<testsuite hostname="Aakanksha2410" failures="0" tests="4" name="Test_NG.Example8_DisableTCExecutionFromTestSuite" time="0.024" errors="0" timestamp="2023-06-15T15:34:25 IST" skipped="0">
  <testcase classname="Test_NG.Example8_DisableTCExecutionFromTestSuite" name="TC3" time="0.003"/>
  <system-out>
    <![CDATA[running TC3]]>
  </system-out>
  <testcase classname="Test_NG.Example8_DisableTCExecutionFromTestSuite" name="TC1" time="0.008"/>
  <system-out>
    <![CDATA[running TC1]]>
  </system-out>
  <testcase classname="Test_NG.Example8_DisableTCExecutionFromTestSuite" name="TC4" time="0.007"/>
  <system-out>
    <![CDATA[running TC4]]>
  </system-out>
  <testcase classname="Test_NG.Example8_DisableTCExecutionFromTestSuite" name="TC2" time="0.006"/>
  <system-out>
    <![CDATA[running TC2]]>
  </system-out>
</testsuite> <!-- Test_NG.Example8_DisableTCExecutionFromTestSuite -->
