<?xml version="1.0" encoding="UTF-8"?>
<!-- Generated by org.testng.reporters.JUnitReportReporter -->
<testsuite hostname="Aakanksha2410" failures="0" tests="2" name="Test_NG.demo4" time="47.715" errors="0" timestamp="2023-06-18T14:51:54 IST" skipped="0">
  <testcase classname="Test_NG.demo4" name="TC1" time="22.528"/>
  <system-out/>
  <testcase classname="Test_NG.demo4" name="TC1" time="25.187"/>
  <system-out/>
</testsuite> <!-- Test_NG.demo4 -->
