<?xml version="1.0" encoding="UTF-8"?>
<!-- Generated by org.testng.reporters.JUnitReportReporter -->
<testsuite hostname="Aakanksha2410" failures="0" tests="1" name="Demo1.PBLoginTest" time="35.070" errors="0" timestamp="2023-06-19T15:42:47 IST" skipped="0">
  <testcase classname="Demo1.PBLoginTest" name="verify" time="35.070"/>
  <system-out>
    <![CDATA[Verify by Aakanksha]]>
  </system-out>
</testsuite> <!-- Demo1.PBLoginTest -->
