<?xml version="1.0" encoding="UTF-8"?>
<!-- Generated by org.testng.reporters.JUnitReportReporter -->
<testsuite hostname="Aakanksha2410" failures="0" tests="3" name="Test_NG.Example9_groups2" time="0.028" errors="0" timestamp="2023-06-15T21:17:41 IST" skipped="0">
  <testcase classname="Test_NG.Example9_groups2" name="TC2" time="0.004"/>
  <system-out>
    <![CDATA[Running TC2]]>
  </system-out>
  <testcase classname="Test_NG.Example9_groups2" name="TC3" time="0.008"/>
  <system-out>
    <![CDATA[Running TC3]]>
  </system-out>
  <testcase classname="Test_NG.Example9_groups2" name="TC1" time="0.016"/>
  <system-out>
    <![CDATA[Running TC1]]>
  </system-out>
</testsuite> <!-- Test_NG.Example9_groups2 -->
