<?xml version="1.0" encoding="UTF-8"?>
<!-- Generated by org.testng.reporters.JUnitReportReporter -->
<testsuite hostname="Aakanksha2410" failures="0" tests="1" name="Demo1.d" time="0.034" errors="0" timestamp="2023-06-05T23:18:50 IST" skipped="0">
  <testcase classname="Demo1.d" name="m1" time="0.034"/>
  <system-out/>
</testsuite> <!-- Demo1.d -->
