<?xml version="1.0" encoding="UTF-8"?>
<!-- Generated by org.testng.reporters.JUnitReportReporter -->
<testsuite hostname="Aakanksha2410" failures="0" tests="1" name="Test_NG.demo22" time="0.014" errors="0" timestamp="2023-06-16T11:09:40 IST" skipped="0">
  <testcase classname="Test_NG.demo22" name="m3" time="0.014"/>
  <system-out>
    <![CDATA[Priya]]>
  </system-out>
</testsuite> <!-- Test_NG.demo22 -->
