<?xml version="1.0" encoding="UTF-8"?>
<!-- Generated by org.testng.reporters.JUnitReportReporter -->
<testsuite hostname="Aakanksha2410" failures="0" tests="1" name="Demo4.TestClass" time="28.054" errors="0" timestamp="2023-06-21T23:59:47 IST" skipped="0">
  <testcase classname="Demo4.TestClass" name="verify" time="28.054"/>
  <system-out/>
</testsuite> <!-- Demo4.TestClass -->
