<?xml version="1.0" encoding="UTF-8"?>
<!-- Generated by org.testng.reporters.JUnitReportReporter -->
<testsuite hostname="Aakanksha2410" failures="0" tests="2" name="Test_NG.demo7" time="0.015" errors="0" timestamp="2023-06-18T15:08:48 IST" skipped="0">
  <testcase classname="Test_NG.demo7" name="TC3" time="0.010"/>
  <system-out>
    <![CDATA[TC3 running]]>
  </system-out>
  <testcase classname="Test_NG.demo7" name="TC4" time="0.005"/>
  <system-out>
    <![CDATA[TC4 running]]>
  </system-out>
</testsuite> <!-- Test_NG.demo7 -->
