<?xml version="1.0" encoding="UTF-8"?>
<!-- Generated by org.testng.reporters.JUnitReportReporter -->
<testsuite hostname="Aakanksha2410" failures="0" tests="3" name="Test_NG.Example3_EmailableReport" time="0.015" errors="0" timestamp="2023-06-06T11:33:07 IST" skipped="0">
  <testcase classname="Test_NG.Example3_EmailableReport" name="TC1" time="0.009"/>
  <system-out>
    <![CDATA[running TC1 test case]]>
  </system-out>
  <testcase classname="Test_NG.Example3_EmailableReport" name="TC2" time="0.002"/>
  <system-out>
    <![CDATA[running TC2 test case]]>
  </system-out>
  <testcase classname="Test_NG.Example3_EmailableReport" name="TC3" time="0.004"/>
  <system-out>
    <![CDATA[running TC3 test case]]>
  </system-out>
</testsuite> <!-- Test_NG.Example3_EmailableReport -->
