<?xml version="1.0" encoding="UTF-8"?>
<!-- Generated by org.testng.reporters.JUnitReportReporter -->
<testsuite hostname="Aakanksha2410" failures="0" tests="1" name="Test_NG.Example7_SoftAssertClass1" time="0.024" errors="0" timestamp="2023-06-12T11:46:06 IST" skipped="0">
  <testcase classname="Test_NG.Example7_SoftAssertClass1" name="TC1" time="0.024"/>
  <system-out/>
</testsuite> <!-- Test_NG.Example7_SoftAssertClass1 -->
