<?xml version="1.0" encoding="UTF-8"?>
<!-- Generated by org.testng.reporters.JUnitReportReporter -->
<testsuite hostname="Aakanksha2410" failures="0" tests="1" name="Test_NG.aseert" time="0.020" errors="0" timestamp="2023-06-12T12:41:38 IST" skipped="0">
  <testcase classname="Test_NG.aseert" name="m1" time="0.020"/>
  <system-out/>
</testsuite> <!-- Test_NG.aseert -->
