<?xml version="1.0" encoding="UTF-8"?>
<!-- Generated by org.testng.reporters.JUnitReportReporter -->
<testsuite hostname="Aakanksha2410" failures="0" tests="3" name="Test_NG.Example5_TestNGKeyword3_priority1" time="0.029" errors="0" timestamp="2023-06-06T21:53:42 IST" skipped="0">
  <testcase classname="Test_NG.Example5_TestNGKeyword3_priority1" name="TC1" time="0.019"/>
  <system-out>
    <![CDATA[running TC1]]>
  </system-out>
  <testcase classname="Test_NG.Example5_TestNGKeyword3_priority1" name="TC3" time="0.006"/>
  <system-out>
    <![CDATA[running TC3]]>
  </system-out>
  <testcase classname="Test_NG.Example5_TestNGKeyword3_priority1" name="TC2" time="0.004"/>
  <system-out>
    <![CDATA[running TC2]]>
  </system-out>
</testsuite> <!-- Test_NG.Example5_TestNGKeyword3_priority1 -->
