<?xml version="1.0" encoding="UTF-8"?>
<!-- Generated by org.testng.reporters.JUnitReportReporter -->
<testsuite hostname="Aakanksha2410" failures="0" tests="1" name="Test_NG.demo44" time="0.015" errors="0" timestamp="2023-06-16T11:23:41 IST" skipped="0">
  <testcase classname="Test_NG.demo44" name="m3" time="0.015"/>
  <system-out>
    <![CDATA[login]]>
  </system-out>
</testsuite> <!-- Test_NG.demo44 -->
