<?xml version="1.0" encoding="UTF-8"?>
<!-- Generated by org.testng.reporters.JUnitReportReporter -->
<testsuite hostname="Aakanksha2410" failures="0" tests="4" name="Test_NG.demo9" time="0.028" errors="0" timestamp="2023-06-18T15:42:40 IST" skipped="0">
  <testcase classname="Test_NG.demo9" name="TC2" time="0.005"/>
  <system-out/>
  <testcase classname="Test_NG.demo9" name="TC1" time="0.018"/>
  <system-out/>
  <testcase classname="Test_NG.demo9" name="TC3" time="0.002"/>
  <system-out/>
  <testcase classname="Test_NG.demo9" name="TC4" time="0.003"/>
  <system-out/>
</testsuite> <!-- Test_NG.demo9 -->
